<?xml version="1.0" encoding="UTF-8"?>
<!-- Generated by org.testng.reporters.JUnitReportReporter -->
<testsuite skipped="0" hostname="INDIA-PRIYANKAS" name="testRunner.runner" tests="1" failures="0" timestamp="2020-06-29T22:17:43 IST" time="81.758" errors="0">
  <testcase name="feature" time="81.758" classname="testRunner.runner"/>
  <system-out/>
</testsuite> <!-- testRunner.runner -->
